<?xml version="1.0" encoding="UTF-8"?>
<testsuite name="com.github.florent37.mobileleanback.ExampleUnitTest" tests="1" skipped="0" failures="0" errors="0" timestamp="2016-09-09T10:57:30" hostname="G-DN-3008" time="0.0">
  <properties/>
  <testcase name="addition_isCorrect" classname="com.github.florent37.mobileleanback.ExampleUnitTest" time="0.0"/>
  <system-out><![CDATA[]]></system-out>
  <system-err><![CDATA[]]></system-err>
</testsuite>
